2022-02-28 22:21:04.534 [background-preinit] INFO  org.hibernate.validator.internal.util.Version:21 - HV000001: Hibernate Validator 6.1.6.Final
2022-02-28 22:21:04.544 [restartedMain] INFO  c.artisan.startvalidator.StartvalidatorApplication:55 - Starting StartvalidatorApplication using Java 1.8.0_261 on LAPTOP-JF3RBRRJ with PID 11640 (D:\IdeaProjects\boot2\boot-startvalidator\target\classes started by artisan in D:\IdeaProjects\boot2)
2022-02-28 22:21:04.550 [restartedMain] INFO  c.artisan.startvalidator.StartvalidatorApplication:660 - No active profile set, falling back to default profiles: default
2022-02-28 22:21:04.604 [restartedMain] INFO  o.s.b.d.env.DevToolsPropertyDefaultsPostProcessor:255 - Devtools property defaults active! Set 'spring.devtools.add-properties' to 'false' to disable
2022-02-28 22:21:04.604 [restartedMain] INFO  o.s.b.d.env.DevToolsPropertyDefaultsPostProcessor:255 - For additional web related logging consider setting the 'logging.level.web' property to 'DEBUG'
2022-02-28 22:21:05.559 [restartedMain] INFO  o.s.boot.web.embedded.tomcat.TomcatWebServer:108 - Tomcat initialized with port(s): 8080 (http)
2022-02-28 22:21:05.574 [restartedMain] INFO  org.apache.coyote.http11.Http11NioProtocol:173 - Initializing ProtocolHandler ["http-nio-8080"]
2022-02-28 22:21:05.574 [restartedMain] INFO  org.apache.catalina.core.StandardService:173 - Starting service [Tomcat]
2022-02-28 22:21:05.574 [restartedMain] INFO  org.apache.catalina.core.StandardEngine:173 - Starting Servlet engine: [Apache Tomcat/9.0.41]
2022-02-28 22:21:05.689 [restartedMain] INFO  o.a.c.core.ContainerBase.[Tomcat].[localhost].[/]:173 - Initializing Spring embedded WebApplicationContext
2022-02-28 22:21:05.689 [restartedMain] INFO  o.s.b.w.s.c.ServletWebServerApplicationContext:289 - Root WebApplicationContext: initialization completed in 1085 ms
2022-02-28 22:21:05.847 [restartedMain] WARN  o.s.b.w.s.c.AnnotationConfigServletWebServerApplicationContext:596 - Exception encountered during context initialization - cancelling refresh attempt: org.springframework.boot.context.properties.ConfigurationPropertiesBindException: Error creating bean with name 'artisanConfigProperties': Could not bind properties to 'ArtisanConfigProperties' : prefix=artisan, ignoreInvalidFields=false, ignoreUnknownFields=true; nested exception is org.springframework.boot.context.properties.bind.BindException: Failed to bind properties under 'artisan' to com.artisan.startvalidator.config.ArtisanConfigProperties
2022-02-28 22:21:05.847 [restartedMain] INFO  org.apache.catalina.core.StandardService:173 - Stopping service [Tomcat]
2022-02-28 22:21:05.863 [restartedMain] INFO  o.s.b.a.l.ConditionEvaluationReportLoggingListener:136 - 

Error starting ApplicationContext. To display the conditions report re-run your application with 'debug' enabled.
2022-02-28 22:21:05.887 [restartedMain] ERROR o.s.b.diagnostics.LoggingFailureAnalysisReporter:40 - 

***************************
APPLICATION FAILED TO START
***************************

Description:

Binding to target org.springframework.boot.context.properties.bind.BindException: Failed to bind properties under 'artisan' to com.artisan.startvalidator.config.ArtisanConfigProperties failed:

    Property: artisan.code
    Value: null
    Reason: 必须配置[artisan.code]属性


Action:

Update your application's configuration

2022-02-28 22:23:04.978 [background-preinit] INFO  org.hibernate.validator.internal.util.Version:21 - HV000001: Hibernate Validator 6.1.6.Final
2022-02-28 22:23:04.994 [restartedMain] INFO  c.artisan.startvalidator.StartvalidatorApplication:55 - Starting StartvalidatorApplication using Java 1.8.0_261 on LAPTOP-JF3RBRRJ with PID 17512 (D:\IdeaProjects\boot2\boot-startvalidator\target\classes started by artisan in D:\IdeaProjects\boot2)
2022-02-28 22:23:04.994 [restartedMain] INFO  c.artisan.startvalidator.StartvalidatorApplication:660 - No active profile set, falling back to default profiles: default
2022-02-28 22:23:05.058 [restartedMain] INFO  o.s.b.d.env.DevToolsPropertyDefaultsPostProcessor:255 - Devtools property defaults active! Set 'spring.devtools.add-properties' to 'false' to disable
2022-02-28 22:23:05.058 [restartedMain] INFO  o.s.b.d.env.DevToolsPropertyDefaultsPostProcessor:255 - For additional web related logging consider setting the 'logging.level.web' property to 'DEBUG'
2022-02-28 22:23:06.166 [restartedMain] INFO  o.s.boot.web.embedded.tomcat.TomcatWebServer:108 - Tomcat initialized with port(s): 8080 (http)
2022-02-28 22:23:06.174 [restartedMain] INFO  org.apache.coyote.http11.Http11NioProtocol:173 - Initializing ProtocolHandler ["http-nio-8080"]
2022-02-28 22:23:06.174 [restartedMain] INFO  org.apache.catalina.core.StandardService:173 - Starting service [Tomcat]
2022-02-28 22:23:06.174 [restartedMain] INFO  org.apache.catalina.core.StandardEngine:173 - Starting Servlet engine: [Apache Tomcat/9.0.41]
2022-02-28 22:23:06.254 [restartedMain] INFO  o.a.c.core.ContainerBase.[Tomcat].[localhost].[/]:173 - Initializing Spring embedded WebApplicationContext
2022-02-28 22:23:06.254 [restartedMain] INFO  o.s.b.w.s.c.ServletWebServerApplicationContext:289 - Root WebApplicationContext: initialization completed in 1188 ms
2022-02-28 22:23:06.545 [restartedMain] INFO  o.s.scheduling.concurrent.ThreadPoolTaskExecutor:181 - Initializing ExecutorService 'applicationTaskExecutor'
2022-02-28 22:23:06.697 [restartedMain] INFO  o.s.b.d.autoconfigure.OptionalLiveReloadServer:58 - LiveReload server is running on port 35729
2022-02-28 22:23:06.713 [restartedMain] INFO  org.apache.coyote.http11.Http11NioProtocol:173 - Starting ProtocolHandler ["http-nio-8080"]
2022-02-28 22:23:06.777 [restartedMain] INFO  o.s.boot.web.embedded.tomcat.TomcatWebServer:220 - Tomcat started on port(s): 8080 (http) with context path ''
2022-02-28 22:23:06.785 [restartedMain] INFO  c.artisan.startvalidator.StartvalidatorApplication:61 - Started StartvalidatorApplication in 2.427 seconds (JVM running for 3.801)
2022-02-28 22:27:43.202 [http-nio-8080-exec-1] INFO  o.a.c.core.ContainerBase.[Tomcat].[localhost].[/]:173 - Initializing Spring DispatcherServlet 'dispatcherServlet'
2022-02-28 22:27:43.202 [http-nio-8080-exec-1] INFO  org.springframework.web.servlet.DispatcherServlet:525 - Initializing Servlet 'dispatcherServlet'
2022-02-28 22:27:43.202 [http-nio-8080-exec-1] INFO  org.springframework.web.servlet.DispatcherServlet:547 - Completed initialization in 0 ms
2022-02-28 22:27:43.218 [http-nio-8080-exec-1] WARN  o.s.w.s.m.support.DefaultHandlerExceptionResolver:207 - Resolved [org.springframework.web.HttpRequestMethodNotSupportedException: Request method 'POST' not supported]
2022-02-28 22:28:51.753 [background-preinit] INFO  org.hibernate.validator.internal.util.Version:21 - HV000001: Hibernate Validator 6.1.6.Final
2022-02-28 22:28:51.761 [restartedMain] INFO  c.artisan.startvalidator.StartvalidatorApplication:55 - Starting StartvalidatorApplication using Java 1.8.0_261 on LAPTOP-JF3RBRRJ with PID 12472 (D:\IdeaProjects\boot2\boot-startvalidator\target\classes started by artisan in D:\IdeaProjects\boot2)
2022-02-28 22:28:51.761 [restartedMain] INFO  c.artisan.startvalidator.StartvalidatorApplication:660 - No active profile set, falling back to default profiles: default
2022-02-28 22:28:51.817 [restartedMain] INFO  o.s.b.d.env.DevToolsPropertyDefaultsPostProcessor:255 - Devtools property defaults active! Set 'spring.devtools.add-properties' to 'false' to disable
2022-02-28 22:28:51.817 [restartedMain] INFO  o.s.b.d.env.DevToolsPropertyDefaultsPostProcessor:255 - For additional web related logging consider setting the 'logging.level.web' property to 'DEBUG'
2022-02-28 22:28:52.915 [restartedMain] INFO  o.s.boot.web.embedded.tomcat.TomcatWebServer:108 - Tomcat initialized with port(s): 8080 (http)
2022-02-28 22:28:52.923 [restartedMain] INFO  org.apache.coyote.http11.Http11NioProtocol:173 - Initializing ProtocolHandler ["http-nio-8080"]
2022-02-28 22:28:52.931 [restartedMain] INFO  org.apache.catalina.core.StandardService:173 - Starting service [Tomcat]
2022-02-28 22:28:52.931 [restartedMain] INFO  org.apache.catalina.core.StandardEngine:173 - Starting Servlet engine: [Apache Tomcat/9.0.41]
2022-02-28 22:28:53.011 [restartedMain] INFO  o.a.c.core.ContainerBase.[Tomcat].[localhost].[/]:173 - Initializing Spring embedded WebApplicationContext
2022-02-28 22:28:53.011 [restartedMain] INFO  o.s.b.w.s.c.ServletWebServerApplicationContext:289 - Root WebApplicationContext: initialization completed in 1186 ms
2022-02-28 22:28:53.341 [restartedMain] INFO  o.s.scheduling.concurrent.ThreadPoolTaskExecutor:181 - Initializing ExecutorService 'applicationTaskExecutor'
2022-02-28 22:28:53.509 [restartedMain] INFO  o.s.b.d.autoconfigure.OptionalLiveReloadServer:58 - LiveReload server is running on port 35729
2022-02-28 22:28:53.525 [restartedMain] INFO  org.apache.coyote.http11.Http11NioProtocol:173 - Starting ProtocolHandler ["http-nio-8080"]
2022-02-28 22:28:53.600 [restartedMain] INFO  o.s.boot.web.embedded.tomcat.TomcatWebServer:220 - Tomcat started on port(s): 8080 (http) with context path ''
2022-02-28 22:28:53.608 [restartedMain] INFO  c.artisan.startvalidator.StartvalidatorApplication:61 - Started StartvalidatorApplication in 2.449 seconds (JVM running for 3.74)
2022-02-28 22:29:44.925 [background-preinit] INFO  org.hibernate.validator.internal.util.Version:21 - HV000001: Hibernate Validator 6.1.6.Final
2022-02-28 22:29:44.929 [restartedMain] INFO  c.artisan.startvalidator.StartvalidatorApplication:55 - Starting StartvalidatorApplication using Java 1.8.0_261 on LAPTOP-JF3RBRRJ with PID 808 (D:\IdeaProjects\boot2\boot-startvalidator\target\classes started by artisan in D:\IdeaProjects\boot2)
2022-02-28 22:29:44.931 [restartedMain] INFO  c.artisan.startvalidator.StartvalidatorApplication:660 - No active profile set, falling back to default profiles: default
2022-02-28 22:29:44.990 [restartedMain] INFO  o.s.b.d.env.DevToolsPropertyDefaultsPostProcessor:255 - Devtools property defaults active! Set 'spring.devtools.add-properties' to 'false' to disable
2022-02-28 22:29:44.991 [restartedMain] INFO  o.s.b.d.env.DevToolsPropertyDefaultsPostProcessor:255 - For additional web related logging consider setting the 'logging.level.web' property to 'DEBUG'
2022-02-28 22:29:46.161 [restartedMain] INFO  o.s.boot.web.embedded.tomcat.TomcatWebServer:108 - Tomcat initialized with port(s): 8080 (http)
2022-02-28 22:29:46.178 [restartedMain] INFO  org.apache.coyote.http11.Http11NioProtocol:173 - Initializing ProtocolHandler ["http-nio-8080"]
2022-02-28 22:29:46.180 [restartedMain] INFO  org.apache.catalina.core.StandardService:173 - Starting service [Tomcat]
2022-02-28 22:29:46.180 [restartedMain] INFO  org.apache.catalina.core.StandardEngine:173 - Starting Servlet engine: [Apache Tomcat/9.0.41]
2022-02-28 22:29:46.296 [restartedMain] INFO  o.a.c.core.ContainerBase.[Tomcat].[localhost].[/]:173 - Initializing Spring embedded WebApplicationContext
2022-02-28 22:29:46.297 [restartedMain] INFO  o.s.b.w.s.c.ServletWebServerApplicationContext:289 - Root WebApplicationContext: initialization completed in 1305 ms
2022-02-28 22:29:46.641 [restartedMain] INFO  o.s.scheduling.concurrent.ThreadPoolTaskExecutor:181 - Initializing ExecutorService 'applicationTaskExecutor'
2022-02-28 22:29:46.827 [restartedMain] INFO  o.s.b.d.autoconfigure.OptionalLiveReloadServer:58 - LiveReload server is running on port 35729
2022-02-28 22:29:46.850 [restartedMain] INFO  org.apache.coyote.http11.Http11NioProtocol:173 - Starting ProtocolHandler ["http-nio-8080"]
2022-02-28 22:29:46.933 [restartedMain] INFO  o.s.boot.web.embedded.tomcat.TomcatWebServer:220 - Tomcat started on port(s): 8080 (http) with context path ''
2022-02-28 22:29:46.947 [restartedMain] INFO  c.artisan.startvalidator.StartvalidatorApplication:61 - Started StartvalidatorApplication in 2.665 seconds (JVM running for 4.006)
2022-02-28 22:29:49.037 [http-nio-8080-exec-1] INFO  o.a.c.core.ContainerBase.[Tomcat].[localhost].[/]:173 - Initializing Spring DispatcherServlet 'dispatcherServlet'
2022-02-28 22:29:49.037 [http-nio-8080-exec-1] INFO  org.springframework.web.servlet.DispatcherServlet:525 - Initializing Servlet 'dispatcherServlet'
2022-02-28 22:29:49.038 [http-nio-8080-exec-1] INFO  org.springframework.web.servlet.DispatcherServlet:547 - Completed initialization in 0 ms
2022-02-28 22:30:10.310 [background-preinit] INFO  org.hibernate.validator.internal.util.Version:21 - HV000001: Hibernate Validator 6.1.6.Final
2022-02-28 22:30:10.319 [restartedMain] INFO  c.artisan.startvalidator.StartvalidatorApplication:55 - Starting StartvalidatorApplication using Java 1.8.0_261 on LAPTOP-JF3RBRRJ with PID 19372 (D:\IdeaProjects\boot2\boot-startvalidator\target\classes started by artisan in D:\IdeaProjects\boot2)
2022-02-28 22:30:10.321 [restartedMain] INFO  c.artisan.startvalidator.StartvalidatorApplication:660 - No active profile set, falling back to default profiles: default
2022-02-28 22:30:10.405 [restartedMain] INFO  o.s.b.d.env.DevToolsPropertyDefaultsPostProcessor:255 - Devtools property defaults active! Set 'spring.devtools.add-properties' to 'false' to disable
2022-02-28 22:30:10.405 [restartedMain] INFO  o.s.b.d.env.DevToolsPropertyDefaultsPostProcessor:255 - For additional web related logging consider setting the 'logging.level.web' property to 'DEBUG'
2022-02-28 22:30:11.537 [restartedMain] INFO  o.s.boot.web.embedded.tomcat.TomcatWebServer:108 - Tomcat initialized with port(s): 8080 (http)
2022-02-28 22:30:11.548 [restartedMain] INFO  org.apache.coyote.http11.Http11NioProtocol:173 - Initializing ProtocolHandler ["http-nio-8080"]
2022-02-28 22:30:11.549 [restartedMain] INFO  org.apache.catalina.core.StandardService:173 - Starting service [Tomcat]
2022-02-28 22:30:11.550 [restartedMain] INFO  org.apache.catalina.core.StandardEngine:173 - Starting Servlet engine: [Apache Tomcat/9.0.41]
2022-02-28 22:30:11.635 [restartedMain] INFO  o.a.c.core.ContainerBase.[Tomcat].[localhost].[/]:173 - Initializing Spring embedded WebApplicationContext
2022-02-28 22:30:11.636 [restartedMain] INFO  o.s.b.w.s.c.ServletWebServerApplicationContext:289 - Root WebApplicationContext: initialization completed in 1229 ms
2022-02-28 22:30:11.804 [restartedMain] WARN  o.s.b.w.s.c.AnnotationConfigServletWebServerApplicationContext:596 - Exception encountered during context initialization - cancelling refresh attempt: org.springframework.boot.context.properties.ConfigurationPropertiesBindException: Error creating bean with name 'artisanConfigProperties': Could not bind properties to 'ArtisanConfigProperties' : prefix=artisan, ignoreInvalidFields=false, ignoreUnknownFields=true; nested exception is org.springframework.boot.context.properties.bind.BindException: Failed to bind properties under 'artisan' to com.artisan.startvalidator.config.ArtisanConfigProperties
2022-02-28 22:30:11.808 [restartedMain] INFO  org.apache.catalina.core.StandardService:173 - Stopping service [Tomcat]
2022-02-28 22:30:11.825 [restartedMain] INFO  o.s.b.a.l.ConditionEvaluationReportLoggingListener:136 - 

Error starting ApplicationContext. To display the conditions report re-run your application with 'debug' enabled.
2022-02-28 22:30:11.847 [restartedMain] ERROR o.s.b.diagnostics.LoggingFailureAnalysisReporter:40 - 

***************************
APPLICATION FAILED TO START
***************************

Description:

Binding to target org.springframework.boot.context.properties.bind.BindException: Failed to bind properties under 'artisan' to com.artisan.startvalidator.config.ArtisanConfigProperties failed:

    Property: artisan.code
    Value: null
    Reason: 必须配置[artisan.code]属性


Action:

Update your application's configuration

2022-02-28 22:38:40.248 [background-preinit] INFO  org.hibernate.validator.internal.util.Version:21 - HV000001: Hibernate Validator 6.1.6.Final
2022-02-28 22:38:40.272 [restartedMain] INFO  c.artisan.startvalidator.StartvalidatorApplication:55 - Starting StartvalidatorApplication using Java 1.8.0_261 on LAPTOP-JF3RBRRJ with PID 5020 (D:\IdeaProjects\boot2\boot-startvalidator\target\classes started by artisan in D:\IdeaProjects\boot2)
2022-02-28 22:38:40.274 [restartedMain] INFO  c.artisan.startvalidator.StartvalidatorApplication:660 - No active profile set, falling back to default profiles: default
2022-02-28 22:38:40.355 [restartedMain] INFO  o.s.b.d.env.DevToolsPropertyDefaultsPostProcessor:255 - Devtools property defaults active! Set 'spring.devtools.add-properties' to 'false' to disable
2022-02-28 22:38:40.356 [restartedMain] INFO  o.s.b.d.env.DevToolsPropertyDefaultsPostProcessor:255 - For additional web related logging consider setting the 'logging.level.web' property to 'DEBUG'
2022-02-28 22:38:41.152 [restartedMain] INFO  o.s.c.s.PostProcessorRegistrationDelegate$BeanPostProcessorChecker:350 - Bean 'appConfiguration' of type [com.artisan.startvalidator.config.AppConfiguration$$EnhancerBySpringCGLIB$$45794c3f] is not eligible for getting processed by all BeanPostProcessors (for example: not eligible for auto-proxying)
2022-02-28 22:38:41.162 [restartedMain] INFO  o.s.c.s.PostProcessorRegistrationDelegate$BeanPostProcessorChecker:350 - Bean 'configurationPropertiesValidator' of type [com.artisan.startvalidator.validator.ConfigPropertiesValidator] is not eligible for getting processed by all BeanPostProcessors (for example: not eligible for auto-proxying)
2022-02-28 22:38:41.488 [restartedMain] INFO  o.s.boot.web.embedded.tomcat.TomcatWebServer:108 - Tomcat initialized with port(s): 8080 (http)
2022-02-28 22:38:41.495 [restartedMain] INFO  org.apache.coyote.http11.Http11NioProtocol:173 - Initializing ProtocolHandler ["http-nio-8080"]
2022-02-28 22:38:41.496 [restartedMain] INFO  org.apache.catalina.core.StandardService:173 - Starting service [Tomcat]
2022-02-28 22:38:41.496 [restartedMain] INFO  org.apache.catalina.core.StandardEngine:173 - Starting Servlet engine: [Apache Tomcat/9.0.41]
2022-02-28 22:38:41.574 [restartedMain] INFO  o.a.c.core.ContainerBase.[Tomcat].[localhost].[/]:173 - Initializing Spring embedded WebApplicationContext
2022-02-28 22:38:41.575 [restartedMain] INFO  o.s.b.w.s.c.ServletWebServerApplicationContext:289 - Root WebApplicationContext: initialization completed in 1217 ms
2022-02-28 22:38:41.718 [restartedMain] WARN  o.s.b.w.s.c.AnnotationConfigServletWebServerApplicationContext:596 - Exception encountered during context initialization - cancelling refresh attempt: org.springframework.boot.context.properties.ConfigurationPropertiesBindException: Error creating bean with name 'artisanConfigProperties': Could not bind properties to 'ArtisanConfigProperties' : prefix=artisan, ignoreInvalidFields=false, ignoreUnknownFields=true; nested exception is org.springframework.boot.context.properties.bind.BindException: Failed to bind properties under 'artisan' to com.artisan.startvalidator.config.ArtisanConfigProperties
2022-02-28 22:38:41.723 [restartedMain] INFO  org.apache.catalina.core.StandardService:173 - Stopping service [Tomcat]
2022-02-28 22:38:41.737 [restartedMain] INFO  o.s.b.a.l.ConditionEvaluationReportLoggingListener:136 - 

Error starting ApplicationContext. To display the conditions report re-run your application with 'debug' enabled.
2022-02-28 22:38:41.750 [restartedMain] ERROR o.s.b.diagnostics.LoggingFailureAnalysisReporter:40 - 

***************************
APPLICATION FAILED TO START
***************************

Description:

Binding to target org.springframework.boot.context.properties.bind.BindException: Failed to bind properties under 'artisan' to com.artisan.startvalidator.config.ArtisanConfigProperties failed:

    Property: artisan.code
    Value: null
    Reason: [artisan.code] 属性必须要在配置文件配置


Action:

Update your application's configuration

2022-02-28 22:40:06.775 [background-preinit] INFO  org.hibernate.validator.internal.util.Version:21 - HV000001: Hibernate Validator 6.1.6.Final
2022-02-28 22:40:06.782 [restartedMain] INFO  c.artisan.startvalidator.StartvalidatorApplication:55 - Starting StartvalidatorApplication using Java 1.8.0_261 on LAPTOP-JF3RBRRJ with PID 1184 (D:\IdeaProjects\boot2\boot-startvalidator\target\classes started by artisan in D:\IdeaProjects\boot2)
2022-02-28 22:40:06.783 [restartedMain] INFO  c.artisan.startvalidator.StartvalidatorApplication:660 - No active profile set, falling back to default profiles: default
2022-02-28 22:40:06.843 [restartedMain] INFO  o.s.b.d.env.DevToolsPropertyDefaultsPostProcessor:255 - Devtools property defaults active! Set 'spring.devtools.add-properties' to 'false' to disable
2022-02-28 22:40:06.843 [restartedMain] INFO  o.s.b.d.env.DevToolsPropertyDefaultsPostProcessor:255 - For additional web related logging consider setting the 'logging.level.web' property to 'DEBUG'
2022-02-28 22:40:07.612 [restartedMain] INFO  o.s.c.s.PostProcessorRegistrationDelegate$BeanPostProcessorChecker:350 - Bean 'appConfiguration' of type [com.artisan.startvalidator.config.AppConfiguration$$EnhancerBySpringCGLIB$$e5607099] is not eligible for getting processed by all BeanPostProcessors (for example: not eligible for auto-proxying)
2022-02-28 22:40:07.623 [restartedMain] INFO  o.s.c.s.PostProcessorRegistrationDelegate$BeanPostProcessorChecker:350 - Bean 'configurationPropertiesValidator' of type [com.artisan.startvalidator.validator.ConfigPropertiesValidator] is not eligible for getting processed by all BeanPostProcessors (for example: not eligible for auto-proxying)
2022-02-28 22:40:07.959 [restartedMain] INFO  o.s.boot.web.embedded.tomcat.TomcatWebServer:108 - Tomcat initialized with port(s): 8080 (http)
2022-02-28 22:40:07.969 [restartedMain] INFO  org.apache.coyote.http11.Http11NioProtocol:173 - Initializing ProtocolHandler ["http-nio-8080"]
2022-02-28 22:40:07.970 [restartedMain] INFO  org.apache.catalina.core.StandardService:173 - Starting service [Tomcat]
2022-02-28 22:40:07.970 [restartedMain] INFO  org.apache.catalina.core.StandardEngine:173 - Starting Servlet engine: [Apache Tomcat/9.0.41]
2022-02-28 22:40:08.041 [restartedMain] INFO  o.a.c.core.ContainerBase.[Tomcat].[localhost].[/]:173 - Initializing Spring embedded WebApplicationContext
2022-02-28 22:40:08.041 [restartedMain] INFO  o.s.b.w.s.c.ServletWebServerApplicationContext:289 - Root WebApplicationContext: initialization completed in 1197 ms
2022-02-28 22:40:08.215 [restartedMain] WARN  o.s.b.w.s.c.AnnotationConfigServletWebServerApplicationContext:596 - Exception encountered during context initialization - cancelling refresh attempt: org.springframework.boot.context.properties.ConfigurationPropertiesBindException: Error creating bean with name 'artisanConfigProperties': Could not bind properties to 'ArtisanConfigProperties' : prefix=artisan, ignoreInvalidFields=false, ignoreUnknownFields=true; nested exception is org.springframework.boot.context.properties.bind.BindException: Failed to bind properties under 'artisan' to com.artisan.startvalidator.config.ArtisanConfigProperties
2022-02-28 22:40:08.218 [restartedMain] INFO  org.apache.catalina.core.StandardService:173 - Stopping service [Tomcat]
2022-02-28 22:40:08.231 [restartedMain] INFO  o.s.b.a.l.ConditionEvaluationReportLoggingListener:136 - 

Error starting ApplicationContext. To display the conditions report re-run your application with 'debug' enabled.
2022-02-28 22:40:08.247 [restartedMain] ERROR o.s.b.diagnostics.LoggingFailureAnalysisReporter:40 - 

***************************
APPLICATION FAILED TO START
***************************

Description:

Binding to target org.springframework.boot.context.properties.bind.BindException: Failed to bind properties under 'artisan' to com.artisan.startvalidator.config.ArtisanConfigProperties failed:

    Property: artisan.id
    Value: null
    Reason: [artisan.code] 属性的长度需要大于8


Action:

Update your application's configuration

2022-02-28 22:50:55.063 [background-preinit] INFO  org.hibernate.validator.internal.util.Version:21 - HV000001: Hibernate Validator 6.1.6.Final
2022-02-28 22:50:55.074 [restartedMain] INFO  c.artisan.startvalidator.StartvalidatorApplication:55 - Starting StartvalidatorApplication using Java 1.8.0_261 on LAPTOP-JF3RBRRJ with PID 14972 (D:\IdeaProjects\boot2\boot-startvalidator\target\classes started by artisan in D:\IdeaProjects\boot2)
2022-02-28 22:50:55.075 [restartedMain] INFO  c.artisan.startvalidator.StartvalidatorApplication:660 - No active profile set, falling back to default profiles: default
2022-02-28 22:50:55.139 [restartedMain] INFO  o.s.b.d.env.DevToolsPropertyDefaultsPostProcessor:255 - Devtools property defaults active! Set 'spring.devtools.add-properties' to 'false' to disable
2022-02-28 22:50:55.139 [restartedMain] INFO  o.s.b.d.env.DevToolsPropertyDefaultsPostProcessor:255 - For additional web related logging consider setting the 'logging.level.web' property to 'DEBUG'
2022-02-28 22:50:56.272 [restartedMain] INFO  o.s.boot.web.embedded.tomcat.TomcatWebServer:108 - Tomcat initialized with port(s): 8080 (http)
2022-02-28 22:50:56.279 [restartedMain] INFO  org.apache.coyote.http11.Http11NioProtocol:173 - Initializing ProtocolHandler ["http-nio-8080"]
2022-02-28 22:50:56.280 [restartedMain] INFO  org.apache.catalina.core.StandardService:173 - Starting service [Tomcat]
2022-02-28 22:50:56.280 [restartedMain] INFO  org.apache.catalina.core.StandardEngine:173 - Starting Servlet engine: [Apache Tomcat/9.0.41]
2022-02-28 22:50:56.394 [restartedMain] INFO  o.a.c.core.ContainerBase.[Tomcat].[localhost].[/]:173 - Initializing Spring embedded WebApplicationContext
2022-02-28 22:50:56.395 [restartedMain] INFO  o.s.b.w.s.c.ServletWebServerApplicationContext:289 - Root WebApplicationContext: initialization completed in 1255 ms
2022-02-28 22:50:56.849 [restartedMain] INFO  o.s.scheduling.concurrent.ThreadPoolTaskExecutor:181 - Initializing ExecutorService 'applicationTaskExecutor'
2022-02-28 22:50:57.115 [restartedMain] INFO  o.s.b.d.autoconfigure.OptionalLiveReloadServer:58 - LiveReload server is running on port 35729
2022-02-28 22:50:57.144 [restartedMain] INFO  org.apache.coyote.http11.Http11NioProtocol:173 - Starting ProtocolHandler ["http-nio-8080"]
2022-02-28 22:50:57.251 [restartedMain] INFO  o.s.boot.web.embedded.tomcat.TomcatWebServer:220 - Tomcat started on port(s): 8080 (http) with context path ''
2022-02-28 22:50:57.267 [restartedMain] INFO  c.artisan.startvalidator.StartvalidatorApplication:61 - Started StartvalidatorApplication in 2.8 seconds (JVM running for 4.087)
2022-02-28 22:51:10.901 [background-preinit] INFO  org.hibernate.validator.internal.util.Version:21 - HV000001: Hibernate Validator 6.1.6.Final
2022-02-28 22:51:10.909 [restartedMain] INFO  c.artisan.startvalidator.StartvalidatorApplication:55 - Starting StartvalidatorApplication using Java 1.8.0_261 on LAPTOP-JF3RBRRJ with PID 18680 (D:\IdeaProjects\boot2\boot-startvalidator\target\classes started by artisan in D:\IdeaProjects\boot2)
2022-02-28 22:51:10.910 [restartedMain] INFO  c.artisan.startvalidator.StartvalidatorApplication:660 - No active profile set, falling back to default profiles: default
2022-02-28 22:51:10.950 [restartedMain] INFO  o.s.b.d.env.DevToolsPropertyDefaultsPostProcessor:255 - Devtools property defaults active! Set 'spring.devtools.add-properties' to 'false' to disable
2022-02-28 22:51:10.950 [restartedMain] INFO  o.s.b.d.env.DevToolsPropertyDefaultsPostProcessor:255 - For additional web related logging consider setting the 'logging.level.web' property to 'DEBUG'
2022-02-28 22:51:11.532 [restartedMain] INFO  o.s.c.s.PostProcessorRegistrationDelegate$BeanPostProcessorChecker:350 - Bean 'appConfiguration' of type [com.artisan.startvalidator.config.AppConfiguration$$EnhancerBySpringCGLIB$$5cd04af1] is not eligible for getting processed by all BeanPostProcessors (for example: not eligible for auto-proxying)
2022-02-28 22:51:11.539 [restartedMain] INFO  o.s.c.s.PostProcessorRegistrationDelegate$BeanPostProcessorChecker:350 - Bean 'configurationPropertiesValidator' of type [com.artisan.startvalidator.validator.ConfigPropertiesValidator] is not eligible for getting processed by all BeanPostProcessors (for example: not eligible for auto-proxying)
2022-02-28 22:51:11.788 [restartedMain] INFO  o.s.boot.web.embedded.tomcat.TomcatWebServer:108 - Tomcat initialized with port(s): 8080 (http)
2022-02-28 22:51:11.794 [restartedMain] INFO  org.apache.coyote.http11.Http11NioProtocol:173 - Initializing ProtocolHandler ["http-nio-8080"]
2022-02-28 22:51:11.795 [restartedMain] INFO  org.apache.catalina.core.StandardService:173 - Starting service [Tomcat]
2022-02-28 22:51:11.795 [restartedMain] INFO  org.apache.catalina.core.StandardEngine:173 - Starting Servlet engine: [Apache Tomcat/9.0.41]
2022-02-28 22:51:11.848 [restartedMain] INFO  o.a.c.core.ContainerBase.[Tomcat].[localhost].[/]:173 - Initializing Spring embedded WebApplicationContext
2022-02-28 22:51:11.849 [restartedMain] INFO  o.s.b.w.s.c.ServletWebServerApplicationContext:289 - Root WebApplicationContext: initialization completed in 898 ms
2022-02-28 22:51:11.935 [restartedMain] WARN  o.s.b.w.s.c.AnnotationConfigServletWebServerApplicationContext:596 - Exception encountered during context initialization - cancelling refresh attempt: org.springframework.boot.context.properties.ConfigurationPropertiesBindException: Error creating bean with name 'artisanConfigProperties': Could not bind properties to 'ArtisanConfigProperties' : prefix=artisan, ignoreInvalidFields=false, ignoreUnknownFields=true; nested exception is org.springframework.boot.context.properties.bind.BindException: Failed to bind properties under 'artisan' to com.artisan.startvalidator.config.ArtisanConfigProperties
2022-02-28 22:51:11.937 [restartedMain] INFO  org.apache.catalina.core.StandardService:173 - Stopping service [Tomcat]
2022-02-28 22:51:11.947 [restartedMain] INFO  o.s.b.a.l.ConditionEvaluationReportLoggingListener:136 - 

Error starting ApplicationContext. To display the conditions report re-run your application with 'debug' enabled.
2022-02-28 22:51:11.958 [restartedMain] ERROR o.s.b.diagnostics.LoggingFailureAnalysisReporter:40 - 

***************************
APPLICATION FAILED TO START
***************************

Description:

Binding to target org.springframework.boot.context.properties.bind.BindException: Failed to bind properties under 'artisan' to com.artisan.startvalidator.config.ArtisanConfigProperties failed:

    Property: artisan.id
    Value: null
    Reason: [artisan.code] 属性的长度需要大于8


Action:

Update your application's configuration

2022-02-28 22:51:36.625 [restartedMain] INFO  c.artisan.startvalidator.StartvalidatorApplication:55 - Starting StartvalidatorApplication using Java 1.8.0_261 on LAPTOP-JF3RBRRJ with PID 21740 (D:\IdeaProjects\boot2\boot-startvalidator\target\classes started by artisan in D:\IdeaProjects\boot2)
2022-02-28 22:51:36.623 [background-preinit] INFO  org.hibernate.validator.internal.util.Version:21 - HV000001: Hibernate Validator 6.1.6.Final
2022-02-28 22:51:36.627 [restartedMain] INFO  c.artisan.startvalidator.StartvalidatorApplication:660 - No active profile set, falling back to default profiles: default
2022-02-28 22:51:36.678 [restartedMain] INFO  o.s.b.d.env.DevToolsPropertyDefaultsPostProcessor:255 - Devtools property defaults active! Set 'spring.devtools.add-properties' to 'false' to disable
2022-02-28 22:51:36.678 [restartedMain] INFO  o.s.b.d.env.DevToolsPropertyDefaultsPostProcessor:255 - For additional web related logging consider setting the 'logging.level.web' property to 'DEBUG'
2022-02-28 22:51:37.403 [restartedMain] INFO  o.s.c.s.PostProcessorRegistrationDelegate$BeanPostProcessorChecker:350 - Bean 'appConfiguration' of type [com.artisan.startvalidator.config.AppConfiguration$$EnhancerBySpringCGLIB$$25c12225] is not eligible for getting processed by all BeanPostProcessors (for example: not eligible for auto-proxying)
2022-02-28 22:51:37.415 [restartedMain] INFO  o.s.c.s.PostProcessorRegistrationDelegate$BeanPostProcessorChecker:350 - Bean 'configurationPropertiesValidator' of type [com.artisan.startvalidator.validator.ArtisanCustomConfigPropertiesValidator] is not eligible for getting processed by all BeanPostProcessors (for example: not eligible for auto-proxying)
2022-02-28 22:51:37.715 [restartedMain] INFO  o.s.boot.web.embedded.tomcat.TomcatWebServer:108 - Tomcat initialized with port(s): 8080 (http)
2022-02-28 22:51:37.725 [restartedMain] INFO  org.apache.coyote.http11.Http11NioProtocol:173 - Initializing ProtocolHandler ["http-nio-8080"]
2022-02-28 22:51:37.726 [restartedMain] INFO  org.apache.catalina.core.StandardService:173 - Starting service [Tomcat]
2022-02-28 22:51:37.727 [restartedMain] INFO  org.apache.catalina.core.StandardEngine:173 - Starting Servlet engine: [Apache Tomcat/9.0.41]
2022-02-28 22:51:37.802 [restartedMain] INFO  o.a.c.core.ContainerBase.[Tomcat].[localhost].[/]:173 - Initializing Spring embedded WebApplicationContext
2022-02-28 22:51:37.802 [restartedMain] INFO  o.s.b.w.s.c.ServletWebServerApplicationContext:289 - Root WebApplicationContext: initialization completed in 1123 ms
2022-02-28 22:51:37.935 [restartedMain] WARN  o.s.b.w.s.c.AnnotationConfigServletWebServerApplicationContext:596 - Exception encountered during context initialization - cancelling refresh attempt: org.springframework.boot.context.properties.ConfigurationPropertiesBindException: Error creating bean with name 'artisanConfigProperties': Could not bind properties to 'ArtisanConfigProperties' : prefix=artisan, ignoreInvalidFields=false, ignoreUnknownFields=true; nested exception is org.springframework.boot.context.properties.bind.BindException: Failed to bind properties under 'artisan' to com.artisan.startvalidator.config.ArtisanConfigProperties
2022-02-28 22:51:37.940 [restartedMain] INFO  org.apache.catalina.core.StandardService:173 - Stopping service [Tomcat]
2022-02-28 22:51:37.954 [restartedMain] INFO  o.s.b.a.l.ConditionEvaluationReportLoggingListener:136 - 

Error starting ApplicationContext. To display the conditions report re-run your application with 'debug' enabled.
2022-02-28 22:51:37.973 [restartedMain] ERROR o.s.b.diagnostics.LoggingFailureAnalysisReporter:40 - 

***************************
APPLICATION FAILED TO START
***************************

Description:

Binding to target org.springframework.boot.context.properties.bind.BindException: Failed to bind properties under 'artisan' to com.artisan.startvalidator.config.ArtisanConfigProperties failed:

    Property: artisan.id
    Value: null
    Reason: [artisan.code] 属性的长度需要大于8


Action:

Update your application's configuration

2022-02-28 23:04:18.152 [background-preinit] INFO  org.hibernate.validator.internal.util.Version:21 - HV000001: Hibernate Validator 6.1.6.Final
2022-02-28 23:04:18.162 [restartedMain] INFO  c.artisan.startvalidator.StartvalidatorApplication:55 - Starting StartvalidatorApplication using Java 1.8.0_261 on LAPTOP-JF3RBRRJ with PID 17744 (D:\IdeaProjects\boot2\boot-startvalidator\target\classes started by artisan in D:\IdeaProjects\boot2)
2022-02-28 23:04:18.163 [restartedMain] INFO  c.artisan.startvalidator.StartvalidatorApplication:660 - No active profile set, falling back to default profiles: default
2022-02-28 23:04:18.222 [restartedMain] INFO  o.s.b.d.env.DevToolsPropertyDefaultsPostProcessor:255 - Devtools property defaults active! Set 'spring.devtools.add-properties' to 'false' to disable
2022-02-28 23:04:18.223 [restartedMain] INFO  o.s.b.d.env.DevToolsPropertyDefaultsPostProcessor:255 - For additional web related logging consider setting the 'logging.level.web' property to 'DEBUG'
2022-02-28 23:04:19.168 [restartedMain] INFO  o.s.c.s.PostProcessorRegistrationDelegate$BeanPostProcessorChecker:350 - Bean 'appConfiguration' of type [com.artisan.startvalidator.config.AppConfiguration$$EnhancerBySpringCGLIB$$acbff2b] is not eligible for getting processed by all BeanPostProcessors (for example: not eligible for auto-proxying)
2022-02-28 23:04:19.180 [restartedMain] INFO  o.s.c.s.PostProcessorRegistrationDelegate$BeanPostProcessorChecker:350 - Bean 'configurationPropertiesValidator' of type [com.artisan.startvalidator.validator.ArtisanCustomConfigPropertiesValidator] is not eligible for getting processed by all BeanPostProcessors (for example: not eligible for auto-proxying)
2022-02-28 23:04:19.526 [restartedMain] INFO  o.s.boot.web.embedded.tomcat.TomcatWebServer:108 - Tomcat initialized with port(s): 8080 (http)
2022-02-28 23:04:19.536 [restartedMain] INFO  org.apache.coyote.http11.Http11NioProtocol:173 - Initializing ProtocolHandler ["http-nio-8080"]
2022-02-28 23:04:19.537 [restartedMain] INFO  org.apache.catalina.core.StandardService:173 - Starting service [Tomcat]
2022-02-28 23:04:19.538 [restartedMain] INFO  org.apache.catalina.core.StandardEngine:173 - Starting Servlet engine: [Apache Tomcat/9.0.41]
2022-02-28 23:04:19.609 [restartedMain] INFO  o.a.c.core.ContainerBase.[Tomcat].[localhost].[/]:173 - Initializing Spring embedded WebApplicationContext
2022-02-28 23:04:19.610 [restartedMain] INFO  o.s.b.w.s.c.ServletWebServerApplicationContext:289 - Root WebApplicationContext: initialization completed in 1385 ms
2022-02-28 23:04:19.753 [restartedMain] WARN  o.s.b.w.s.c.AnnotationConfigServletWebServerApplicationContext:596 - Exception encountered during context initialization - cancelling refresh attempt: org.springframework.boot.context.properties.ConfigurationPropertiesBindException: Error creating bean with name 'artisanConfigProperties': Could not bind properties to 'ArtisanConfigProperties' : prefix=artisan, ignoreInvalidFields=false, ignoreUnknownFields=true; nested exception is org.springframework.boot.context.properties.bind.BindException: Failed to bind properties under 'artisan' to com.artisan.startvalidator.config.ArtisanConfigProperties
2022-02-28 23:04:19.756 [restartedMain] INFO  org.apache.catalina.core.StandardService:173 - Stopping service [Tomcat]
2022-02-28 23:04:19.770 [restartedMain] INFO  o.s.b.a.l.ConditionEvaluationReportLoggingListener:136 - 

Error starting ApplicationContext. To display the conditions report re-run your application with 'debug' enabled.
2022-02-28 23:04:19.786 [restartedMain] ERROR o.s.b.diagnostics.LoggingFailureAnalysisReporter:40 - 

***************************
APPLICATION FAILED TO START
***************************

Description:

Binding to target org.springframework.boot.context.properties.bind.BindException: Failed to bind properties under 'artisan' to com.artisan.startvalidator.config.ArtisanConfigProperties failed:

    Property: artisan.code
    Value: null
    Reason: [artisan.code] 属性必须要在配置文件application.properties中配置

    Property: artisan.code
    Value: null
    Reason: 必须配置[artisan.code]属性


Action:

Update your application's configuration

2022-02-28 23:05:34.551 [background-preinit] INFO  org.hibernate.validator.internal.util.Version:21 - HV000001: Hibernate Validator 6.1.6.Final
2022-02-28 23:05:34.555 [restartedMain] INFO  c.artisan.startvalidator.StartvalidatorApplication:55 - Starting StartvalidatorApplication using Java 1.8.0_261 on LAPTOP-JF3RBRRJ with PID 12348 (D:\IdeaProjects\boot2\boot-startvalidator\target\classes started by artisan in D:\IdeaProjects\boot2)
2022-02-28 23:05:34.557 [restartedMain] INFO  c.artisan.startvalidator.StartvalidatorApplication:660 - No active profile set, falling back to default profiles: default
2022-02-28 23:05:34.607 [restartedMain] INFO  o.s.b.d.env.DevToolsPropertyDefaultsPostProcessor:255 - Devtools property defaults active! Set 'spring.devtools.add-properties' to 'false' to disable
2022-02-28 23:05:34.608 [restartedMain] INFO  o.s.b.d.env.DevToolsPropertyDefaultsPostProcessor:255 - For additional web related logging consider setting the 'logging.level.web' property to 'DEBUG'
2022-02-28 23:05:35.655 [restartedMain] INFO  o.s.boot.web.embedded.tomcat.TomcatWebServer:108 - Tomcat initialized with port(s): 8080 (http)
2022-02-28 23:05:35.669 [restartedMain] INFO  org.apache.coyote.http11.Http11NioProtocol:173 - Initializing ProtocolHandler ["http-nio-8080"]
2022-02-28 23:05:35.671 [restartedMain] INFO  org.apache.catalina.core.StandardService:173 - Starting service [Tomcat]
2022-02-28 23:05:35.672 [restartedMain] INFO  org.apache.catalina.core.StandardEngine:173 - Starting Servlet engine: [Apache Tomcat/9.0.41]
2022-02-28 23:05:35.791 [restartedMain] INFO  o.a.c.core.ContainerBase.[Tomcat].[localhost].[/]:173 - Initializing Spring embedded WebApplicationContext
2022-02-28 23:05:35.792 [restartedMain] INFO  o.s.b.w.s.c.ServletWebServerApplicationContext:289 - Root WebApplicationContext: initialization completed in 1183 ms
2022-02-28 23:05:35.973 [restartedMain] WARN  o.s.b.w.s.c.AnnotationConfigServletWebServerApplicationContext:596 - Exception encountered during context initialization - cancelling refresh attempt: org.springframework.boot.context.properties.ConfigurationPropertiesBindException: Error creating bean with name 'artisanConfigProperties': Could not bind properties to 'ArtisanConfigProperties' : prefix=artisan, ignoreInvalidFields=false, ignoreUnknownFields=true; nested exception is org.springframework.boot.context.properties.bind.BindException: Failed to bind properties under 'artisan' to com.artisan.startvalidator.config.ArtisanConfigProperties
2022-02-28 23:05:35.976 [restartedMain] INFO  org.apache.catalina.core.StandardService:173 - Stopping service [Tomcat]
2022-02-28 23:05:35.995 [restartedMain] INFO  o.s.b.a.l.ConditionEvaluationReportLoggingListener:136 - 

Error starting ApplicationContext. To display the conditions report re-run your application with 'debug' enabled.
2022-02-28 23:05:36.019 [restartedMain] ERROR o.s.b.diagnostics.LoggingFailureAnalysisReporter:40 - 

***************************
APPLICATION FAILED TO START
***************************

Description:

Binding to target org.springframework.boot.context.properties.bind.BindException: Failed to bind properties under 'artisan' to com.artisan.startvalidator.config.ArtisanConfigProperties failed:

    Property: artisan.code
    Value: null
    Reason: 必须配置[artisan.code]属性


Action:

Update your application's configuration

2022-02-28 23:06:45.942 [background-preinit] INFO  org.hibernate.validator.internal.util.Version:21 - HV000001: Hibernate Validator 6.1.6.Final
2022-02-28 23:06:45.953 [restartedMain] INFO  c.artisan.startvalidator.StartvalidatorApplication:55 - Starting StartvalidatorApplication using Java 1.8.0_261 on LAPTOP-JF3RBRRJ with PID 16656 (D:\IdeaProjects\boot2\boot-startvalidator\target\classes started by artisan in D:\IdeaProjects\boot2)
2022-02-28 23:06:45.954 [restartedMain] INFO  c.artisan.startvalidator.StartvalidatorApplication:660 - No active profile set, falling back to default profiles: default
2022-02-28 23:06:46.009 [restartedMain] INFO  o.s.b.d.env.DevToolsPropertyDefaultsPostProcessor:255 - Devtools property defaults active! Set 'spring.devtools.add-properties' to 'false' to disable
2022-02-28 23:06:46.009 [restartedMain] INFO  o.s.b.d.env.DevToolsPropertyDefaultsPostProcessor:255 - For additional web related logging consider setting the 'logging.level.web' property to 'DEBUG'
2022-02-28 23:06:47.120 [restartedMain] INFO  o.s.boot.web.embedded.tomcat.TomcatWebServer:108 - Tomcat initialized with port(s): 8080 (http)
2022-02-28 23:06:47.135 [restartedMain] INFO  org.apache.coyote.http11.Http11NioProtocol:173 - Initializing ProtocolHandler ["http-nio-8080"]
2022-02-28 23:06:47.137 [restartedMain] INFO  org.apache.catalina.core.StandardService:173 - Starting service [Tomcat]
2022-02-28 23:06:47.137 [restartedMain] INFO  org.apache.catalina.core.StandardEngine:173 - Starting Servlet engine: [Apache Tomcat/9.0.41]
2022-02-28 23:06:47.228 [restartedMain] INFO  o.a.c.core.ContainerBase.[Tomcat].[localhost].[/]:173 - Initializing Spring embedded WebApplicationContext
2022-02-28 23:06:47.228 [restartedMain] INFO  o.s.b.w.s.c.ServletWebServerApplicationContext:289 - Root WebApplicationContext: initialization completed in 1218 ms
2022-02-28 23:06:47.611 [restartedMain] INFO  o.s.scheduling.concurrent.ThreadPoolTaskExecutor:181 - Initializing ExecutorService 'applicationTaskExecutor'
2022-02-28 23:06:47.816 [restartedMain] INFO  o.s.b.d.autoconfigure.OptionalLiveReloadServer:58 - LiveReload server is running on port 35729
2022-02-28 23:06:47.840 [restartedMain] INFO  org.apache.coyote.http11.Http11NioProtocol:173 - Starting ProtocolHandler ["http-nio-8080"]
2022-02-28 23:06:47.920 [restartedMain] INFO  o.s.boot.web.embedded.tomcat.TomcatWebServer:220 - Tomcat started on port(s): 8080 (http) with context path ''
2022-02-28 23:06:47.932 [restartedMain] INFO  c.artisan.startvalidator.StartvalidatorApplication:61 - Started StartvalidatorApplication in 2.571 seconds (JVM running for 3.929)
2022-02-28 23:06:57.876 [http-nio-8080-exec-1] INFO  o.a.c.core.ContainerBase.[Tomcat].[localhost].[/]:173 - Initializing Spring DispatcherServlet 'dispatcherServlet'
2022-02-28 23:06:57.876 [http-nio-8080-exec-1] INFO  org.springframework.web.servlet.DispatcherServlet:525 - Initializing Servlet 'dispatcherServlet'
2022-02-28 23:06:57.877 [http-nio-8080-exec-1] INFO  org.springframework.web.servlet.DispatcherServlet:547 - Completed initialization in 0 ms
2022-02-28 23:15:13.766 [background-preinit] INFO  org.hibernate.validator.internal.util.Version:21 - HV000001: Hibernate Validator 6.1.6.Final
2022-02-28 23:15:13.778 [restartedMain] INFO  c.artisan.startvalidator.StartvalidatorApplication:55 - Starting StartvalidatorApplication using Java 1.8.0_261 on LAPTOP-JF3RBRRJ with PID 11872 (D:\IdeaProjects\boot2\boot-startvalidator\target\classes started by artisan in D:\IdeaProjects\boot2)
2022-02-28 23:15:13.780 [restartedMain] INFO  c.artisan.startvalidator.StartvalidatorApplication:660 - No active profile set, falling back to default profiles: default
2022-02-28 23:15:13.844 [restartedMain] INFO  o.s.b.d.env.DevToolsPropertyDefaultsPostProcessor:255 - Devtools property defaults active! Set 'spring.devtools.add-properties' to 'false' to disable
2022-02-28 23:15:13.845 [restartedMain] INFO  o.s.b.d.env.DevToolsPropertyDefaultsPostProcessor:255 - For additional web related logging consider setting the 'logging.level.web' property to 'DEBUG'
2022-02-28 23:15:14.646 [restartedMain] INFO  o.s.c.s.PostProcessorRegistrationDelegate$BeanPostProcessorChecker:350 - Bean 'appConfiguration' of type [com.artisan.startvalidator.config.AppConfiguration$$EnhancerBySpringCGLIB$$25c12225] is not eligible for getting processed by all BeanPostProcessors (for example: not eligible for auto-proxying)
2022-02-28 23:15:14.656 [restartedMain] INFO  o.s.c.s.PostProcessorRegistrationDelegate$BeanPostProcessorChecker:350 - Bean 'configurationPropertiesValidator' of type [com.artisan.startvalidator.validator.ArtisanCustomConfigPropertiesValidator] is not eligible for getting processed by all BeanPostProcessors (for example: not eligible for auto-proxying)
2022-02-28 23:15:15.005 [restartedMain] INFO  o.s.boot.web.embedded.tomcat.TomcatWebServer:108 - Tomcat initialized with port(s): 8080 (http)
2022-02-28 23:15:15.014 [restartedMain] INFO  org.apache.coyote.http11.Http11NioProtocol:173 - Initializing ProtocolHandler ["http-nio-8080"]
2022-02-28 23:15:15.016 [restartedMain] INFO  org.apache.catalina.core.StandardService:173 - Starting service [Tomcat]
2022-02-28 23:15:15.016 [restartedMain] INFO  org.apache.catalina.core.StandardEngine:173 - Starting Servlet engine: [Apache Tomcat/9.0.41]
2022-02-28 23:15:15.090 [restartedMain] INFO  o.a.c.core.ContainerBase.[Tomcat].[localhost].[/]:173 - Initializing Spring embedded WebApplicationContext
2022-02-28 23:15:15.091 [restartedMain] INFO  o.s.b.w.s.c.ServletWebServerApplicationContext:289 - Root WebApplicationContext: initialization completed in 1245 ms
2022-02-28 23:15:15.280 [restartedMain] WARN  o.s.b.w.s.c.AnnotationConfigServletWebServerApplicationContext:596 - Exception encountered during context initialization - cancelling refresh attempt: org.springframework.boot.context.properties.ConfigurationPropertiesBindException: Error creating bean with name 'artisanConfigProperties': Could not bind properties to 'ArtisanConfigProperties' : prefix=artisan, ignoreInvalidFields=false, ignoreUnknownFields=true; nested exception is org.springframework.boot.context.properties.bind.BindException: Failed to bind properties under 'artisan' to com.artisan.startvalidator.config.ArtisanConfigProperties
2022-02-28 23:15:15.285 [restartedMain] INFO  org.apache.catalina.core.StandardService:173 - Stopping service [Tomcat]
2022-02-28 23:15:15.307 [restartedMain] INFO  o.s.b.a.l.ConditionEvaluationReportLoggingListener:136 - 

Error starting ApplicationContext. To display the conditions report re-run your application with 'debug' enabled.
2022-02-28 23:15:15.333 [restartedMain] ERROR o.s.b.diagnostics.LoggingFailureAnalysisReporter:40 - 

***************************
APPLICATION FAILED TO START
***************************

Description:

Binding to target org.springframework.boot.context.properties.bind.BindException: Failed to bind properties under 'artisan' to com.artisan.startvalidator.config.ArtisanConfigProperties failed:

    Property: artisan.id
    Value: null
    Reason: [artisan.code] 属性的长度需要大于8


Action:

Update your application's configuration

2022-02-28 23:15:57.120 [background-preinit] INFO  org.hibernate.validator.internal.util.Version:21 - HV000001: Hibernate Validator 6.1.6.Final
2022-02-28 23:15:57.128 [restartedMain] INFO  c.artisan.startvalidator.StartvalidatorApplication:55 - Starting StartvalidatorApplication using Java 1.8.0_261 on LAPTOP-JF3RBRRJ with PID 7684 (D:\IdeaProjects\boot2\boot-startvalidator\target\classes started by artisan in D:\IdeaProjects\boot2)
2022-02-28 23:15:57.129 [restartedMain] INFO  c.artisan.startvalidator.StartvalidatorApplication:660 - No active profile set, falling back to default profiles: default
2022-02-28 23:15:57.184 [restartedMain] INFO  o.s.b.d.env.DevToolsPropertyDefaultsPostProcessor:255 - Devtools property defaults active! Set 'spring.devtools.add-properties' to 'false' to disable
2022-02-28 23:15:57.185 [restartedMain] INFO  o.s.b.d.env.DevToolsPropertyDefaultsPostProcessor:255 - For additional web related logging consider setting the 'logging.level.web' property to 'DEBUG'
2022-02-28 23:15:57.947 [restartedMain] INFO  o.s.c.s.PostProcessorRegistrationDelegate$BeanPostProcessorChecker:350 - Bean 'appConfiguration' of type [com.artisan.startvalidator.config.AppConfiguration$$EnhancerBySpringCGLIB$$e1affeae] is not eligible for getting processed by all BeanPostProcessors (for example: not eligible for auto-proxying)
2022-02-28 23:15:57.961 [restartedMain] INFO  o.s.c.s.PostProcessorRegistrationDelegate$BeanPostProcessorChecker:350 - Bean 'configurationPropertiesValidator' of type [com.artisan.startvalidator.validator.ArtisanCustomConfigPropertiesValidator] is not eligible for getting processed by all BeanPostProcessors (for example: not eligible for auto-proxying)
2022-02-28 23:15:58.253 [restartedMain] INFO  o.s.boot.web.embedded.tomcat.TomcatWebServer:108 - Tomcat initialized with port(s): 8080 (http)
2022-02-28 23:15:58.263 [restartedMain] INFO  org.apache.coyote.http11.Http11NioProtocol:173 - Initializing ProtocolHandler ["http-nio-8080"]
2022-02-28 23:15:58.263 [restartedMain] INFO  org.apache.catalina.core.StandardService:173 - Starting service [Tomcat]
2022-02-28 23:15:58.265 [restartedMain] INFO  org.apache.catalina.core.StandardEngine:173 - Starting Servlet engine: [Apache Tomcat/9.0.41]
2022-02-28 23:15:58.346 [restartedMain] INFO  o.a.c.core.ContainerBase.[Tomcat].[localhost].[/]:173 - Initializing Spring embedded WebApplicationContext
2022-02-28 23:15:58.347 [restartedMain] INFO  o.s.b.w.s.c.ServletWebServerApplicationContext:289 - Root WebApplicationContext: initialization completed in 1161 ms
2022-02-28 23:15:58.479 [restartedMain] WARN  o.s.b.w.s.c.AnnotationConfigServletWebServerApplicationContext:596 - Exception encountered during context initialization - cancelling refresh attempt: org.springframework.boot.context.properties.ConfigurationPropertiesBindException: Error creating bean with name 'artisanConfigProperties': Could not bind properties to 'ArtisanConfigProperties' : prefix=artisan, ignoreInvalidFields=false, ignoreUnknownFields=true; nested exception is org.springframework.boot.context.properties.bind.BindException: Failed to bind properties under 'artisan' to com.artisan.startvalidator.config.ArtisanConfigProperties
2022-02-28 23:15:58.485 [restartedMain] INFO  org.apache.catalina.core.StandardService:173 - Stopping service [Tomcat]
2022-02-28 23:15:58.504 [restartedMain] INFO  o.s.b.a.l.ConditionEvaluationReportLoggingListener:136 - 

Error starting ApplicationContext. To display the conditions report re-run your application with 'debug' enabled.
2022-02-28 23:15:58.521 [restartedMain] ERROR o.s.b.diagnostics.LoggingFailureAnalysisReporter:40 - 

***************************
APPLICATION FAILED TO START
***************************

Description:

Binding to target org.springframework.boot.context.properties.bind.BindException: Failed to bind properties under 'artisan' to com.artisan.startvalidator.config.ArtisanConfigProperties failed:

    Property: artisan.code
    Value: null
    Reason: [artisan.code] 属性必须要在配置文件application.properties中配置


Action:

Update your application's configuration

