2022-02-27 22:23:42.660 [background-preinit] INFO  org.hibernate.validator.internal.util.Version:21 - HV000001: Hibernate Validator 6.1.6.Final
2022-02-27 22:23:42.669 [restartedMain] INFO  com.artisan.BuziValidatorApplication:55 - Starting BuziValidatorApplication using Java 1.8.0_261 on LAPTOP-JF3RBRRJ with PID 1848 (D:\IdeaProjects\boot2\boot2-buziValidator\target\classes started by artisan in D:\IdeaProjects\boot2)
2022-02-27 22:23:42.670 [restartedMain] INFO  com.artisan.BuziValidatorApplication:660 - No active profile set, falling back to default profiles: default
2022-02-27 22:23:42.707 [restartedMain] INFO  o.s.b.d.env.DevToolsPropertyDefaultsPostProcessor:255 - Devtools property defaults active! Set 'spring.devtools.add-properties' to 'false' to disable
2022-02-27 22:23:42.708 [restartedMain] INFO  o.s.b.d.env.DevToolsPropertyDefaultsPostProcessor:255 - For additional web related logging consider setting the 'logging.level.web' property to 'DEBUG'
2022-02-27 22:23:44.050 [restartedMain] INFO  o.s.boot.web.embedded.tomcat.TomcatWebServer:108 - Tomcat initialized with port(s): 8080 (http)
2022-02-27 22:23:44.096 [restartedMain] INFO  org.apache.coyote.http11.Http11NioProtocol:173 - Initializing ProtocolHandler ["http-nio-8080"]
2022-02-27 22:23:44.098 [restartedMain] INFO  org.apache.catalina.core.StandardService:173 - Starting service [Tomcat]
2022-02-27 22:23:44.101 [restartedMain] INFO  org.apache.catalina.core.StandardEngine:173 - Starting Servlet engine: [Apache Tomcat/9.0.41]
2022-02-27 22:23:44.216 [restartedMain] INFO  o.a.c.core.ContainerBase.[Tomcat].[localhost].[/]:173 - Initializing Spring embedded WebApplicationContext
2022-02-27 22:23:44.217 [restartedMain] INFO  o.s.b.w.s.c.ServletWebServerApplicationContext:289 - Root WebApplicationContext: initialization completed in 1508 ms
2022-02-27 22:23:44.282 [restartedMain] WARN  o.s.b.w.s.c.AnnotationConfigServletWebServerApplicationContext:596 - Exception encountered during context initialization - cancelling refresh attempt: org.springframework.beans.factory.UnsatisfiedDependencyException: Error creating bean with name 'artisanController': Unsatisfied dependency expressed through field 'artisanRepository'; nested exception is org.springframework.beans.factory.NoSuchBeanDefinitionException: No qualifying bean of type 'com.artisan.repository.ArtisanRepository' available: expected at least 1 bean which qualifies as autowire candidate. Dependency annotations: {@org.springframework.beans.factory.annotation.Autowired(required=true)}
2022-02-27 22:23:44.285 [restartedMain] INFO  org.apache.catalina.core.StandardService:173 - Stopping service [Tomcat]
2022-02-27 22:23:44.302 [restartedMain] INFO  o.s.b.a.l.ConditionEvaluationReportLoggingListener:136 - 

Error starting ApplicationContext. To display the conditions report re-run your application with 'debug' enabled.
2022-02-27 22:23:44.347 [restartedMain] ERROR o.s.b.diagnostics.LoggingFailureAnalysisReporter:40 - 

***************************
APPLICATION FAILED TO START
***************************

Description:

Field artisanRepository in com.artisan.controller.ArtisanController required a bean of type 'com.artisan.repository.ArtisanRepository' that could not be found.

The injection point has the following annotations:
	- @org.springframework.beans.factory.annotation.Autowired(required=true)


Action:

Consider defining a bean of type 'com.artisan.repository.ArtisanRepository' in your configuration.

2022-02-27 22:24:01.781 [background-preinit] INFO  org.hibernate.validator.internal.util.Version:21 - HV000001: Hibernate Validator 6.1.6.Final
2022-02-27 22:24:01.786 [restartedMain] INFO  com.artisan.BuziValidatorApplication:55 - Starting BuziValidatorApplication using Java 1.8.0_261 on LAPTOP-JF3RBRRJ with PID 20184 (D:\IdeaProjects\boot2\boot2-buziValidator\target\classes started by artisan in D:\IdeaProjects\boot2)
2022-02-27 22:24:01.788 [restartedMain] INFO  com.artisan.BuziValidatorApplication:660 - No active profile set, falling back to default profiles: default
2022-02-27 22:24:01.827 [restartedMain] INFO  o.s.b.d.env.DevToolsPropertyDefaultsPostProcessor:255 - Devtools property defaults active! Set 'spring.devtools.add-properties' to 'false' to disable
2022-02-27 22:24:01.827 [restartedMain] INFO  o.s.b.d.env.DevToolsPropertyDefaultsPostProcessor:255 - For additional web related logging consider setting the 'logging.level.web' property to 'DEBUG'
2022-02-27 22:24:02.736 [restartedMain] INFO  o.s.boot.web.embedded.tomcat.TomcatWebServer:108 - Tomcat initialized with port(s): 8080 (http)
2022-02-27 22:24:02.744 [restartedMain] INFO  org.apache.coyote.http11.Http11NioProtocol:173 - Initializing ProtocolHandler ["http-nio-8080"]
2022-02-27 22:24:02.745 [restartedMain] INFO  org.apache.catalina.core.StandardService:173 - Starting service [Tomcat]
2022-02-27 22:24:02.746 [restartedMain] INFO  org.apache.catalina.core.StandardEngine:173 - Starting Servlet engine: [Apache Tomcat/9.0.41]
2022-02-27 22:24:02.795 [restartedMain] INFO  o.a.c.core.ContainerBase.[Tomcat].[localhost].[/]:173 - Initializing Spring embedded WebApplicationContext
2022-02-27 22:24:02.795 [restartedMain] INFO  o.s.b.w.s.c.ServletWebServerApplicationContext:289 - Root WebApplicationContext: initialization completed in 967 ms
2022-02-27 22:24:02.833 [restartedMain] WARN  o.s.b.w.s.c.AnnotationConfigServletWebServerApplicationContext:596 - Exception encountered during context initialization - cancelling refresh attempt: org.springframework.beans.factory.UnsatisfiedDependencyException: Error creating bean with name 'artisanController': Unsatisfied dependency expressed through field 'artisanRepository'; nested exception is org.springframework.beans.factory.NoSuchBeanDefinitionException: No qualifying bean of type 'com.artisan.repository.ArtisanRepository' available: expected at least 1 bean which qualifies as autowire candidate. Dependency annotations: {@org.springframework.beans.factory.annotation.Autowired(required=true)}
2022-02-27 22:24:02.835 [restartedMain] INFO  org.apache.catalina.core.StandardService:173 - Stopping service [Tomcat]
2022-02-27 22:24:02.844 [restartedMain] INFO  o.s.b.a.l.ConditionEvaluationReportLoggingListener:136 - 

Error starting ApplicationContext. To display the conditions report re-run your application with 'debug' enabled.
2022-02-27 22:24:02.860 [restartedMain] ERROR o.s.b.diagnostics.LoggingFailureAnalysisReporter:40 - 

***************************
APPLICATION FAILED TO START
***************************

Description:

Field artisanRepository in com.artisan.controller.ArtisanController required a bean of type 'com.artisan.repository.ArtisanRepository' that could not be found.

The injection point has the following annotations:
	- @org.springframework.beans.factory.annotation.Autowired(required=true)


Action:

Consider defining a bean of type 'com.artisan.repository.ArtisanRepository' in your configuration.

